2026-01-10 17:28:28,455 - INFO - Starting Daily Automation...
2026-01-10 17:28:28,457 - INFO - Generating script for topic: The Future of Quantum Computing
2026-01-10 17:28:30,531 - ERROR - Failed to generate script
2026-01-10 17:28:51,569 - INFO - Starting Daily Automation...
2026-01-10 17:28:51,569 - INFO - Generating script for topic: The Future of Quantum Computing
2026-01-10 17:28:52,805 - ERROR - Failed to generate script
2026-01-10 17:30:45,983 - INFO - Starting Daily Automation...
2026-01-10 17:30:45,983 - INFO - Generating script for topic: The Future of Quantum Computing
2026-01-10 17:30:46,801 - ERROR - Failed to generate script
2026-01-10 17:31:10,212 - INFO - Starting Daily Automation...
2026-01-10 17:31:10,213 - INFO - Generating script for topic: The Future of Quantum Computing
2026-01-10 17:31:17,647 - ERROR - Failed to generate script
2026-01-10 17:31:47,210 - INFO - Starting Daily Automation...
2026-01-10 17:31:47,210 - INFO - Generating script for topic: The Future of Quantum Computing
2026-01-10 17:31:55,702 - INFO - Title: Quantum Computing: Obsolete Your PC in 60 Seconds
2026-01-10 17:31:55,702 - INFO - Processing Scene 1...
2026-01-10 17:32:23,395 - INFO - Processing Scene 2...
2026-01-10 17:32:36,799 - INFO - Processing Scene 3...
2026-01-10 17:32:43,660 - INFO - Processing Scene 4...
2026-01-10 17:33:40,093 - INFO - Processing Scene 5...
2026-01-10 17:34:07,216 - INFO - Processing Scene 6...
2026-01-10 17:34:33,285 - INFO - Processing Scene 7...
2026-01-10 17:35:16,010 - INFO - Processing Scene 8...
2026-01-10 17:35:41,380 - INFO - Processing Scene 9...
2026-01-10 17:36:31,456 - INFO - Processing Scene 10...
2026-01-10 17:36:38,731 - INFO - Rendering video...
2026-01-10 17:36:40,006 - ERROR - Video generation failed
